<?xml version="1.0" encoding="UTF-8"?>
<!-- Generated by org.testng.reporters.JUnitReportReporter -->
<testsuite name="restAssuredTest.Get_Demo" tests="2" time="4.498" ignored="0" failures="0" timestamp="10 Jul 2023 15:12:54 GMT" skipped="0" hostname="IRIS-CSG-5081" errors="0">
  <testcase name="getListOfUser" time="0.798" classname="restAssuredTest.Get_Demo"/>
  <testcase name="getDetails" time="3.700" classname="restAssuredTest.Get_Demo"/>
</testsuite> <!-- restAssuredTest.Get_Demo -->
