<?xml version="1.0" encoding="UTF-8"?>
<!-- Generated by org.testng.reporters.JUnitReportReporter -->
<testsuite name="restAssuredTest.Post_Demo" tests="1" time="2.231" ignored="0" failures="0" timestamp="21 Jun 2023 09:29:29 GMT" skipped="0" hostname="IRIS-CSG-5081" errors="0">
  <testcase name="postData" time="2.231" classname="restAssuredTest.Post_Demo"/>
</testsuite> <!-- restAssuredTest.Post_Demo -->
