<?xml version="1.0" encoding="UTF-8"?>
<!-- Generated by org.testng.reporters.JUnitReportReporter -->
<testsuite name="restAssuredTest.Delete_Demo" tests="1" time="5.518" ignored="0" failures="0" timestamp="21 Jun 2023 07:10:43 GMT" skipped="0" hostname="IRIS-CSG-5081" errors="0">
  <testcase name="postData_Demo" time="5.518" classname="restAssuredTest.Delete_Demo"/>
</testsuite> <!-- restAssuredTest.Delete_Demo -->
