<?xml version="1.0" encoding="UTF-8"?>
<!-- Generated by org.testng.reporters.JUnitReportReporter -->
<testsuite name="restAssuredTest.Put_Demo" tests="2" time="6.710" ignored="0" failures="0" timestamp="21 Jun 2023 07:07:20 GMT" skipped="0" hostname="IRIS-CSG-5081" errors="0">
  <testcase name="postData" time="5.675" classname="restAssuredTest.Put_Demo"/>
  <testcase name="postData_Demo" time="1.035" classname="restAssuredTest.Put_Demo"/>
</testsuite> <!-- restAssuredTest.Put_Demo -->
