<?xml version="1.0" encoding="UTF-8"?>
<!-- Generated by org.testng.reporters.JUnitReportReporter -->
<testsuite hostname="IRIS-CSG-5081" failures="0" tests="4" name="requests.HTTPRequests" time="7.813" errors="0" timestamp="2024-09-27T16:47:31 IST" skipped="0">
  <testcase classname="requests.HTTPRequests" name="getUser" time="5.176"/>
  <testcase classname="requests.HTTPRequests" name="createUser" time="1.329"/>
  <testcase classname="requests.HTTPRequests" name="updateUser" time="0.649"/>
  <testcase classname="requests.HTTPRequests" name="deleteUser" time="0.659"/>
</testsuite> <!-- requests.HTTPRequests -->
